2026-01-10 14:49:40 - post-commit hook triggered
2026-01-10 14:49:40 - No task IDs found in commit message
2026-01-10 14:52:59 - post-commit hook triggered
2026-01-10 14:52:59 - Moving task 20260110142106 to done
2026-01-10 14:53:00 - Successfully moved task 20260110142106 to done
2026-01-10 14:53:26 - post-commit hook triggered
2026-01-10 14:53:26 - Moving task 20260110142107 to in-progress
2026-01-10 14:53:26 - Successfully moved task 20260110142107 to in-progress
2026-01-10 14:54:01 - post-commit hook triggered
2026-01-10 14:54:01 - Moving task 20260110142107 to testing
2026-01-10 14:54:01 - Successfully moved task 20260110142107 to testing
2026-01-10 15:21:40 - post-commit hook triggered
2026-01-10 15:21:40 - Moving task 20260110142107 to done
2026-01-10 15:21:40 - Successfully moved task 20260110142107 to done
2026-01-10 16:00:13 - post-commit hook triggered
2026-01-10 16:00:13 - No task IDs found in commit message
2026-01-10 19:59:39 - post-commit hook triggered
2026-01-10 19:59:39 - Moving task 20260110155903 to done
2026-01-10 19:59:39 - Successfully moved task 20260110155903 to done
2026-01-10 20:06:20 - post-commit hook triggered
2026-01-10 20:06:20 - Moving task 20260110113822 to done
2026-01-10 20:06:20 - Successfully moved task 20260110113822 to done
2026-01-10 20:11:41 - post-commit hook triggered
2026-01-10 20:11:41 - Moving task 20260110142108 to done
2026-01-10 20:11:41 - Successfully moved task 20260110142108 to done
2026-01-10 20:25:41 - post-commit hook triggered
2026-01-10 20:25:41 - Moving task 20260110142109 to done
2026-01-10 20:25:41 - Successfully moved task 20260110142109 to done
2026-01-10 20:30:51 - post-commit hook triggered
2026-01-10 20:30:51 - Moving task 20260110201217 to done
2026-01-10 20:30:51 - Successfully moved task 20260110201217 to done
2026-01-10 20:53:37 - post-commit hook triggered
2026-01-10 20:53:37 - Moving task 20260110184347 to done
2026-01-10 20:53:37 - Successfully moved task 20260110184347 to done
2026-01-10 21:10:11 - post-commit hook triggered
2026-01-10 21:10:11 - Moving task 20260110141321 to done
2026-01-10 21:10:11 - Successfully moved task 20260110141321 to done
2026-01-10 21:14:13 - post-commit hook triggered
2026-01-10 21:14:13 - Moving task 20260110141322 to done
2026-01-10 21:14:13 - Successfully moved task 20260110141322 to done
